--------------------------------------
Running PBS prologue script
--------------------------------------
User and Job Data:
--------------------------------------
Job ID:    489975.qb3
Username:  raechill
Group:     loniusers
Date:      08-May-2018 18:10
Node:      qb030 (108831)
--------------------------------------
PBS has allocated the following nodes:

qb030

A total of 20 processors on 1 nodes allocated
---------------------------------------------
Check nodes and clean them of stray processes
---------------------------------------------
Checking node qb030 18:10:57 
Done clearing all the allocated nodes
------------------------------------------------------
Concluding PBS prologue script - 08-May-2018 18:10:57
------------------------------------------------------
[M::mm_idx_gen::18.249*1.58] collected minimizers
[M::mm_idx_gen::19.860*2.41] sorted minimizers
[M::main::19.867*2.41] loaded/built the index for 6404 target sequence(s)
[M::mm_mapopt_update::19.867*2.41] mid_occ = 1000
[M::mm_idx_stat] kmer size: 21; skip: 11; is_hpc: 0; #seq: 6404
[M::mm_idx_stat::21.352*2.32] distinct minimizers: 118718335 (94.74% are singletons); average occurrences: 1.247; average spacing: 5.949
[M::worker_pipeline::37.445*3.92] mapped 100093 sequences
[M::worker_pipeline::40.837*5.24] mapped 100051 sequences
[M::worker_pipeline::44.397*6.38] mapped 88668 sequences
[M::worker_pipeline::48.624*7.43] mapped 81779 sequences
[M::worker_pipeline::52.313*8.24] mapped 81784 sequences
[M::worker_pipeline::55.363*8.88] mapped 81764 sequences
[M::worker_pipeline::59.313*9.54] mapped 81864 sequences
[M::worker_pipeline::63.163*10.13] mapped 81856 sequences
[M::worker_pipeline::66.477*10.61] mapped 81800 sequences
[M::worker_pipeline::69.641*11.04] mapped 81848 sequences
[M::worker_pipeline::73.443*11.46] mapped 81862 sequences
[M::worker_pipeline::77.052*11.86] mapped 81817 sequences
[M::worker_pipeline::80.245*12.18] mapped 81873 sequences
[M::worker_pipeline::84.376*12.49] mapped 81842 sequences
[M::worker_pipeline::87.428*12.74] mapped 81822 sequences
[M::worker_pipeline::90.993*13.00] mapped 81863 sequences
[M::worker_pipeline::94.711*13.24] mapped 81849 sequences
[M::worker_pipeline::98.381*13.45] mapped 81776 sequences
[M::worker_pipeline::102.070*13.69] mapped 81868 sequences
[M::worker_pipeline::106.075*13.86] mapped 81839 sequences
[M::worker_pipeline::109.126*14.01] mapped 81798 sequences
[M::worker_pipeline::112.853*14.18] mapped 81850 sequences
[M::worker_pipeline::116.769*14.31] mapped 81851 sequences
[M::worker_pipeline::120.619*14.49] mapped 81814 sequences
[M::worker_pipeline::124.687*14.57] mapped 81870 sequences
[M::worker_pipeline::128.080*14.70] mapped 81889 sequences
[M::worker_pipeline::131.957*14.83] mapped 81804 sequences
[M::worker_pipeline::135.459*14.96] mapped 81897 sequences
[M::worker_pipeline::138.475*15.07] mapped 81853 sequences
[M::worker_pipeline::141.949*15.18] mapped 81835 sequences
[M::worker_pipeline::145.602*15.27] mapped 81872 sequences
[M::worker_pipeline::149.217*15.37] mapped 81865 sequences
[M::worker_pipeline::152.797*15.45] mapped 81813 sequences
[M::worker_pipeline::156.620*15.54] mapped 81880 sequences
[M::worker_pipeline::160.419*15.63] mapped 81887 sequences
[M::worker_pipeline::163.677*15.71] mapped 81837 sequences
[M::worker_pipeline::167.730*15.77] mapped 81875 sequences
[M::worker_pipeline::171.165*15.85] mapped 81880 sequences
[M::worker_pipeline::175.382*15.90] mapped 81820 sequences
[M::worker_pipeline::178.855*15.97] mapped 81885 sequences
[M::worker_pipeline::182.447*16.03] mapped 81872 sequences
[M::worker_pipeline::185.832*16.09] mapped 81822 sequences
[M::worker_pipeline::189.502*16.15] mapped 81867 sequences
[M::worker_pipeline::192.940*16.22] mapped 81878 sequences
[M::worker_pipeline::196.646*16.29] mapped 81851 sequences
[M::worker_pipeline::200.053*16.35] mapped 81859 sequences
[M::worker_pipeline::203.597*16.41] mapped 81890 sequences
[M::worker_pipeline::207.680*16.46] mapped 81793 sequences
[M::worker_pipeline::210.793*16.51] mapped 81878 sequences
[M::worker_pipeline::214.262*16.56] mapped 81888 sequences
[M::worker_pipeline::217.979*16.61] mapped 81803 sequences
[M::worker_pipeline::221.975*16.65] mapped 81892 sequences
[M::worker_pipeline::225.730*16.70] mapped 81885 sequences
[M::worker_pipeline::228.926*16.75] mapped 81842 sequences
[M::worker_pipeline::232.606*16.79] mapped 81881 sequences
[M::worker_pipeline::236.263*16.84] mapped 81889 sequences
[M::worker_pipeline::239.324*16.88] mapped 81812 sequences
[M::worker_pipeline::243.179*16.90] mapped 81887 sequences
[M::worker_pipeline::247.441*16.94] mapped 81873 sequences
[M::worker_pipeline::250.625*16.97] mapped 81827 sequences
[M::worker_pipeline::254.304*17.00] mapped 81737 sequences
[M::worker_pipeline::258.574*17.01] mapped 81725 sequences
[M::worker_pipeline::261.914*17.04] mapped 81721 sequences
[M::worker_pipeline::265.560*17.07] mapped 81803 sequences
[M::worker_pipeline::269.662*17.10] mapped 81809 sequences
[M::worker_pipeline::273.185*17.13] mapped 81772 sequences
[M::worker_pipeline::276.970*17.15] mapped 81799 sequences
[M::worker_pipeline::280.601*17.18] mapped 81811 sequences
[M::worker_pipeline::283.992*17.21] mapped 81750 sequences
[M::worker_pipeline::288.009*17.22] mapped 81808 sequences
[M::worker_pipeline::291.688*17.24] mapped 81785 sequences
[M::worker_pipeline::295.247*17.27] mapped 81753 sequences
[M::worker_pipeline::298.763*17.30] mapped 81810 sequences
[M::worker_pipeline::302.799*17.32] mapped 81824 sequences
[M::worker_pipeline::306.232*17.35] mapped 81772 sequences
[M::worker_pipeline::309.751*17.38] mapped 81809 sequences
[M::worker_pipeline::313.543*17.40] mapped 81805 sequences
[M::worker_pipeline::316.626*17.43] mapped 81781 sequences
[M::worker_pipeline::320.379*17.45] mapped 81807 sequences
[M::worker_pipeline::324.576*17.47] mapped 81836 sequences
[M::worker_pipeline::327.682*17.49] mapped 81792 sequences
[M::worker_pipeline::331.516*17.51] mapped 81812 sequences
[M::worker_pipeline::334.814*17.54] mapped 81827 sequences
[M::worker_pipeline::338.510*17.56] mapped 81790 sequences
[M::worker_pipeline::342.378*17.58] mapped 81758 sequences
[M::worker_pipeline::345.658*17.61] mapped 81810 sequences
[M::worker_pipeline::349.076*17.63] mapped 81818 sequences
[M::worker_pipeline::352.455*17.65] mapped 81763 sequences
[M::worker_pipeline::356.344*17.67] mapped 81801 sequences
[M::worker_pipeline::360.165*17.69] mapped 81811 sequences
[M::worker_pipeline::363.656*17.71] mapped 81747 sequences
[M::worker_pipeline::367.208*17.73] mapped 81819 sequences
[M::worker_pipeline::370.829*17.75] mapped 81803 sequences
[M::worker_pipeline::374.505*17.76] mapped 81765 sequences
[M::worker_pipeline::378.320*17.78] mapped 81825 sequences
[M::worker_pipeline::381.959*17.80] mapped 81821 sequences
[M::worker_pipeline::385.090*17.81] mapped 81777 sequences
[M::worker_pipeline::388.809*17.83] mapped 81819 sequences
[M::worker_pipeline::393.102*17.84] mapped 81810 sequences
[M::worker_pipeline::396.729*17.85] mapped 81770 sequences
[M::worker_pipeline::399.843*17.87] mapped 81824 sequences
[M::worker_pipeline::404.038*17.88] mapped 81820 sequences
[M::worker_pipeline::407.236*17.89] mapped 81776 sequences
[M::worker_pipeline::411.781*17.89] mapped 81841 sequences
[M::worker_pipeline::415.433*17.91] mapped 81826 sequences
[M::worker_pipeline::418.579*17.93] mapped 81768 sequences
[M::worker_pipeline::422.895*17.92] mapped 81806 sequences
[M::worker_pipeline::427.021*17.93] mapped 81805 sequences
[M::worker_pipeline::430.496*17.93] mapped 81802 sequences
[M::worker_pipeline::434.378*17.94] mapped 81795 sequences
[M::worker_pipeline::438.813*17.92] mapped 81830 sequences
[M::worker_pipeline::442.780*17.94] mapped 81802 sequences
[M::worker_pipeline::446.155*17.94] mapped 81761 sequences
[M::worker_pipeline::449.927*17.95] mapped 81812 sequences
[M::worker_pipeline::453.925*17.97] mapped 81817 sequences
[M::worker_pipeline::457.374*17.99] mapped 81766 sequences
[M::worker_pipeline::461.292*17.99] mapped 81841 sequences
[M::worker_pipeline::464.820*17.99] mapped 81831 sequences
[M::worker_pipeline::471.816*18.01] mapped 66305 sequences
[M::worker_pipeline::491.015*18.07] mapped 5848 sequences
[M::worker_pipeline::510.182*18.13] mapped 5886 sequences
[M::worker_pipeline::529.024*18.19] mapped 5792 sequences
[M::worker_pipeline::547.703*18.24] mapped 5857 sequences
[M::worker_pipeline::566.221*18.29] mapped 5941 sequences
[M::worker_pipeline::585.899*18.34] mapped 5908 sequences
[M::worker_pipeline::604.903*18.38] mapped 5859 sequences
[M::worker_pipeline::624.016*18.43] mapped 5805 sequences
[M::worker_pipeline::642.770*18.46] mapped 5895 sequences
[M::worker_pipeline::662.076*18.50] mapped 5890 sequences
[M::worker_pipeline::681.610*18.53] mapped 5864 sequences
[M::worker_pipeline::700.926*18.56] mapped 5834 sequences
[M::worker_pipeline::720.192*18.59] mapped 5917 sequences
[M::worker_pipeline::739.068*18.62] mapped 5851 sequences
[M::worker_pipeline::758.164*18.64] mapped 5890 sequences
[M::worker_pipeline::778.106*18.66] mapped 5888 sequences
[M::worker_pipeline::797.287*18.68] mapped 5873 sequences
[M::worker_pipeline::816.657*18.70] mapped 5844 sequences
[M::worker_pipeline::836.134*18.73] mapped 5788 sequences
[M::worker_pipeline::855.050*18.75] mapped 5928 sequences
[M::worker_pipeline::874.015*18.77] mapped 5817 sequences
[M::worker_pipeline::892.758*18.79] mapped 5928 sequences
[M::worker_pipeline::912.014*18.81] mapped 5816 sequences
[M::worker_pipeline::931.218*18.83] mapped 5848 sequences
[M::worker_pipeline::950.454*18.85] mapped 5907 sequences
[M::worker_pipeline::969.925*18.86] mapped 5776 sequences
[M::worker_pipeline::990.322*18.87] mapped 5978 sequences
[M::worker_pipeline::1009.117*18.89] mapped 5903 sequences
[M::worker_pipeline::1028.403*18.90] mapped 5929 sequences
[M::worker_pipeline::1047.941*18.92] mapped 5883 sequences
[M::worker_pipeline::1066.984*18.93] mapped 5845 sequences
[M::worker_pipeline::1085.773*18.95] mapped 5983 sequences
[M::worker_pipeline::1105.088*18.96] mapped 5775 sequences
[M::worker_pipeline::1124.593*18.96] mapped 5872 sequences
[M::worker_pipeline::1143.729*18.98] mapped 5905 sequences
[M::worker_pipeline::1162.961*18.99] mapped 5884 sequences
[M::worker_pipeline::1182.124*19.00] mapped 5791 sequences
[M::worker_pipeline::1201.778*19.01] mapped 5895 sequences
[M::worker_pipeline::1220.949*19.02] mapped 5860 sequences
[M::worker_pipeline::1239.663*19.03] mapped 5847 sequences
[M::worker_pipeline::1259.323*19.04] mapped 5993 sequences
[M::worker_pipeline::1278.228*19.05] mapped 5851 sequences
[M::worker_pipeline::1297.343*19.06] mapped 5820 sequences
[M::worker_pipeline::1315.923*19.07] mapped 5850 sequences
[M::worker_pipeline::1335.084*19.08] mapped 5870 sequences
[M::worker_pipeline::1353.974*19.09] mapped 5761 sequences
[M::worker_pipeline::1373.360*19.10] mapped 5856 sequences
[M::worker_pipeline::1393.084*19.10] mapped 5828 sequences
[M::worker_pipeline::1412.102*19.11] mapped 5869 sequences
[M::worker_pipeline::1431.001*19.12] mapped 5865 sequences
[M::worker_pipeline::1450.055*19.13] mapped 5892 sequences
[M::worker_pipeline::1468.978*19.14] mapped 5871 sequences
[M::worker_pipeline::1487.943*19.15] mapped 5844 sequences
[M::worker_pipeline::1506.944*19.15] mapped 5846 sequences
[M::worker_pipeline::1526.173*19.16] mapped 5806 sequences
[M::worker_pipeline::1545.266*19.17] mapped 5838 sequences
[M::worker_pipeline::1566.826*19.15] mapped 5859 sequences
[M::worker_pipeline::1585.782*19.16] mapped 5964 sequences
[M::worker_pipeline::1605.215*19.16] mapped 5883 sequences
[M::worker_pipeline::1624.430*19.17] mapped 5941 sequences
[M::worker_pipeline::1643.063*19.17] mapped 5857 sequences
[M::worker_pipeline::1662.214*19.18] mapped 5871 sequences
[M::worker_pipeline::1681.187*19.19] mapped 5940 sequences
[M::worker_pipeline::1700.578*19.19] mapped 5908 sequences
[M::worker_pipeline::1720.144*19.20] mapped 5882 sequences
[M::worker_pipeline::1739.505*19.20] mapped 5884 sequences
[M::worker_pipeline::1759.073*19.20] mapped 5813 sequences
[M::worker_pipeline::1785.962*19.13] mapped 5901 sequences
[M::worker_pipeline::1806.122*19.13] mapped 5879 sequences
[M::worker_pipeline::1826.118*19.13] mapped 5921 sequences
[M::worker_pipeline::1845.023*19.13] mapped 5809 sequences
[M::worker_pipeline::1864.046*19.14] mapped 5803 sequences
[M::worker_pipeline::1884.235*19.13] mapped 5889 sequences
[M::worker_pipeline::1903.422*19.14] mapped 5884 sequences
[M::worker_pipeline::1922.966*19.15] mapped 5862 sequences
[M::worker_pipeline::1942.075*19.15] mapped 5885 sequences
[M::worker_pipeline::1960.220*19.16] mapped 5954 sequences
[M::worker_pipeline::1968.887*19.16] mapped 163428 sequences
[M::worker_pipeline::1972.897*19.16] mapped 247525 sequences
[M::worker_pipeline::1975.169*19.16] mapped 247525 sequences
[M::worker_pipeline::1978.404*19.16] mapped 247525 sequences
[M::worker_pipeline::1982.043*19.16] mapped 247525 sequences
[M::worker_pipeline::1985.602*19.16] mapped 247525 sequences
[M::worker_pipeline::1988.752*19.16] mapped 247525 sequences
[M::worker_pipeline::1992.205*19.17] mapped 247525 sequences
[M::worker_pipeline::1995.122*19.17] mapped 247525 sequences
[M::worker_pipeline::1998.332*19.17] mapped 247525 sequences
[M::worker_pipeline::2001.566*19.17] mapped 247525 sequences
[M::worker_pipeline::2004.862*19.17] mapped 247525 sequences
[M::worker_pipeline::2008.282*19.17] mapped 247525 sequences
[M::worker_pipeline::2011.587*19.17] mapped 247525 sequences
[M::worker_pipeline::2015.020*19.17] mapped 247525 sequences
[M::worker_pipeline::2018.573*19.17] mapped 247525 sequences
[M::worker_pipeline::2021.482*19.17] mapped 247525 sequences
[M::worker_pipeline::2025.119*19.17] mapped 247525 sequences
[M::worker_pipeline::2028.507*19.17] mapped 247525 sequences
[M::worker_pipeline::2031.586*19.17] mapped 247525 sequences
[M::worker_pipeline::2034.866*19.17] mapped 247525 sequences
[M::worker_pipeline::2037.423*19.17] mapped 247525 sequences
[M::worker_pipeline::2040.479*19.17] mapped 247525 sequences
[M::worker_pipeline::2044.214*19.17] mapped 247525 sequences
[M::worker_pipeline::2047.229*19.17] mapped 247525 sequences
[M::worker_pipeline::2050.647*19.17] mapped 247525 sequences
[M::worker_pipeline::2053.966*19.17] mapped 247525 sequences
[M::worker_pipeline::2057.098*19.17] mapped 247525 sequences
[M::worker_pipeline::2060.582*19.17] mapped 247525 sequences
[M::worker_pipeline::2064.203*19.17] mapped 247525 sequences
[M::worker_pipeline::2067.014*19.17] mapped 247525 sequences
[M::worker_pipeline::2070.757*19.17] mapped 247525 sequences
[M::worker_pipeline::2073.368*19.17] mapped 247525 sequences
[M::worker_pipeline::2076.693*19.17] mapped 247525 sequences
[M::worker_pipeline::2079.735*19.17] mapped 247525 sequences
[M::worker_pipeline::2083.292*19.17] mapped 247525 sequences
[M::worker_pipeline::2086.285*19.17] mapped 247525 sequences
[M::worker_pipeline::2089.507*19.17] mapped 247525 sequences
[M::worker_pipeline::2092.755*19.17] mapped 247525 sequences
[M::worker_pipeline::2095.960*19.17] mapped 247525 sequences
[M::worker_pipeline::2099.005*19.17] mapped 247525 sequences
[M::worker_pipeline::2102.525*19.18] mapped 247525 sequences
[M::worker_pipeline::2105.578*19.18] mapped 247525 sequences
[M::worker_pipeline::2108.387*19.18] mapped 247525 sequences
[M::worker_pipeline::2112.348*19.18] mapped 247525 sequences
[M::worker_pipeline::2115.274*19.18] mapped 247525 sequences
[M::worker_pipeline::2119.139*19.18] mapped 247525 sequences
[M::worker_pipeline::2121.947*19.18] mapped 247525 sequences
[M::worker_pipeline::2124.930*19.18] mapped 247525 sequences
[M::worker_pipeline::2128.099*19.18] mapped 247525 sequences
[M::worker_pipeline::2131.370*19.18] mapped 247525 sequences
[M::worker_pipeline::2134.929*19.18] mapped 247525 sequences
[M::worker_pipeline::2137.918*19.18] mapped 247525 sequences
[M::worker_pipeline::2141.213*19.18] mapped 247525 sequences
[M::worker_pipeline::2144.765*19.18] mapped 247525 sequences
[M::worker_pipeline::2148.093*19.18] mapped 247525 sequences
[M::worker_pipeline::2151.271*19.18] mapped 247525 sequences
[M::worker_pipeline::2154.716*19.18] mapped 247525 sequences
[M::worker_pipeline::2157.340*19.18] mapped 247525 sequences
[M::worker_pipeline::2160.533*19.18] mapped 247525 sequences
[M::worker_pipeline::2163.703*19.18] mapped 247525 sequences
[M::worker_pipeline::2167.101*19.18] mapped 247525 sequences
[M::worker_pipeline::2169.952*19.18] mapped 247525 sequences
[M::worker_pipeline::2173.045*19.19] mapped 247525 sequences
[M::worker_pipeline::2176.117*19.19] mapped 247525 sequences
[M::worker_pipeline::2179.909*19.19] mapped 247525 sequences
[M::worker_pipeline::2182.342*19.19] mapped 247525 sequences
[M::worker_pipeline::2185.579*19.19] mapped 247525 sequences
[M::worker_pipeline::2189.211*19.19] mapped 247525 sequences
[M::worker_pipeline::2191.937*19.19] mapped 247525 sequences
[M::worker_pipeline::2195.605*19.19] mapped 247525 sequences
[M::worker_pipeline::2198.546*19.19] mapped 247525 sequences
[M::worker_pipeline::2201.996*19.19] mapped 247525 sequences
[M::worker_pipeline::2204.862*19.19] mapped 247525 sequences
[M::worker_pipeline::2208.408*19.19] mapped 247525 sequences
[M::worker_pipeline::2211.489*19.19] mapped 247525 sequences
[M::worker_pipeline::2214.576*19.19] mapped 247525 sequences
[M::worker_pipeline::2218.044*19.19] mapped 247525 sequences
[M::worker_pipeline::2221.521*19.19] mapped 247525 sequences
[M::worker_pipeline::2224.580*19.19] mapped 247525 sequences
[M::worker_pipeline::2227.510*19.19] mapped 247525 sequences
[M::worker_pipeline::2230.875*19.19] mapped 247525 sequences
[M::worker_pipeline::2234.378*19.19] mapped 247525 sequences
[M::worker_pipeline::2237.692*19.19] mapped 247525 sequences
[M::worker_pipeline::2240.873*19.19] mapped 247525 sequences
[M::worker_pipeline::2244.219*19.20] mapped 247525 sequences
[M::worker_pipeline::2246.657*19.20] mapped 247525 sequences
[M::worker_pipeline::2249.687*19.20] mapped 247525 sequences
[M::worker_pipeline::2252.736*19.20] mapped 247525 sequences
[M::worker_pipeline::2255.869*19.20] mapped 247525 sequences
[M::worker_pipeline::2259.605*19.20] mapped 247525 sequences
[M::worker_pipeline::2262.512*19.20] mapped 247525 sequences
[M::worker_pipeline::2265.270*19.20] mapped 247525 sequences
[M::worker_pipeline::2268.357*19.20] mapped 247525 sequences
[M::worker_pipeline::2271.452*19.20] mapped 247525 sequences
[M::worker_pipeline::2274.800*19.20] mapped 247525 sequences
[M::worker_pipeline::2277.980*19.20] mapped 247525 sequences
[M::worker_pipeline::2280.891*19.20] mapped 247525 sequences
[M::worker_pipeline::2284.332*19.20] mapped 247525 sequences
[M::worker_pipeline::2287.281*19.20] mapped 247525 sequences
[M::worker_pipeline::2290.064*19.20] mapped 247525 sequences
[M::worker_pipeline::2293.148*19.20] mapped 247525 sequences
[M::worker_pipeline::2297.004*19.20] mapped 247525 sequences
[M::worker_pipeline::2299.654*19.20] mapped 247525 sequences
[M::worker_pipeline::2302.481*19.21] mapped 247525 sequences
[M::worker_pipeline::2305.284*19.21] mapped 247525 sequences
[M::worker_pipeline::2308.334*19.21] mapped 247525 sequences
[M::worker_pipeline::2311.540*19.21] mapped 247525 sequences
[M::worker_pipeline::2314.350*19.21] mapped 247525 sequences
[M::worker_pipeline::2317.921*19.21] mapped 247525 sequences
[M::worker_pipeline::2321.855*19.21] mapped 247525 sequences
[M::worker_pipeline::2324.516*19.21] mapped 247525 sequences
[M::worker_pipeline::2327.395*19.21] mapped 247525 sequences
[M::worker_pipeline::2330.528*19.21] mapped 247525 sequences
[M::worker_pipeline::2333.574*19.21] mapped 247525 sequences
[M::worker_pipeline::2336.254*19.21] mapped 247525 sequences
[M::worker_pipeline::2339.010*19.21] mapped 247525 sequences
[M::worker_pipeline::2342.175*19.21] mapped 247525 sequences
[M::worker_pipeline::2344.471*19.21] mapped 247525 sequences
[M::worker_pipeline::2347.873*19.21] mapped 247525 sequences
[M::worker_pipeline::2350.773*19.21] mapped 247525 sequences
[M::worker_pipeline::2354.345*19.21] mapped 247525 sequences
[M::worker_pipeline::2357.439*19.21] mapped 247525 sequences
[M::worker_pipeline::2360.689*19.21] mapped 247525 sequences
[M::worker_pipeline::2363.499*19.21] mapped 247525 sequences
[M::worker_pipeline::2366.364*19.21] mapped 247525 sequences
[M::worker_pipeline::2369.820*19.21] mapped 247525 sequences
[M::worker_pipeline::2372.475*19.21] mapped 247525 sequences
[M::worker_pipeline::2375.980*19.22] mapped 247525 sequences
[M::worker_pipeline::2378.877*19.22] mapped 247525 sequences
[M::worker_pipeline::2382.207*19.22] mapped 247525 sequences
[M::worker_pipeline::2385.439*19.22] mapped 247525 sequences
[M::worker_pipeline::2388.104*19.22] mapped 247525 sequences
[M::worker_pipeline::2391.323*19.22] mapped 247525 sequences
[M::worker_pipeline::2394.395*19.22] mapped 247525 sequences
[M::worker_pipeline::2397.260*19.22] mapped 247525 sequences
[M::worker_pipeline::2401.003*19.22] mapped 247525 sequences
[M::worker_pipeline::2403.933*19.22] mapped 247525 sequences
[M::worker_pipeline::2407.172*19.22] mapped 247525 sequences
[M::worker_pipeline::2410.042*19.22] mapped 247525 sequences
[M::worker_pipeline::2413.927*19.22] mapped 247525 sequences
[M::worker_pipeline::2416.626*19.22] mapped 247525 sequences
[M::worker_pipeline::2419.671*19.22] mapped 247525 sequences
[M::worker_pipeline::2423.348*19.22] mapped 247525 sequences
[M::worker_pipeline::2426.206*19.22] mapped 247525 sequences
[M::worker_pipeline::2428.782*19.22] mapped 247525 sequences
[M::worker_pipeline::2431.599*19.23] mapped 247525 sequences
[M::worker_pipeline::2434.883*19.23] mapped 247525 sequences
[M::worker_pipeline::2437.864*19.23] mapped 247525 sequences
[M::worker_pipeline::2440.616*19.23] mapped 247525 sequences
[M::worker_pipeline::2443.934*19.23] mapped 247525 sequences
[M::worker_pipeline::2447.992*19.23] mapped 247525 sequences
[M::worker_pipeline::2451.556*19.23] mapped 247525 sequences
[M::worker_pipeline::2454.455*19.23] mapped 247525 sequences
[M::worker_pipeline::2458.598*19.23] mapped 247525 sequences
[M::worker_pipeline::2461.816*19.23] mapped 247525 sequences
[M::worker_pipeline::2465.268*19.23] mapped 247525 sequences
[M::worker_pipeline::2469.292*19.23] mapped 247525 sequences
[M::worker_pipeline::2472.354*19.23] mapped 247525 sequences
[M::worker_pipeline::2476.145*19.23] mapped 247525 sequences
[M::worker_pipeline::2479.537*19.23] mapped 247525 sequences
[M::worker_pipeline::2483.211*19.23] mapped 247525 sequences
[M::worker_pipeline::2486.611*19.23] mapped 247525 sequences
[M::worker_pipeline::2490.323*19.23] mapped 247525 sequences
[M::worker_pipeline::2493.988*19.23] mapped 247525 sequences
[M::worker_pipeline::2496.948*19.23] mapped 247525 sequences
[M::worker_pipeline::2500.822*19.23] mapped 247525 sequences
[M::worker_pipeline::2503.426*19.23] mapped 247525 sequences
[M::worker_pipeline::2507.222*19.23] mapped 247525 sequences
[M::worker_pipeline::2510.129*19.23] mapped 247525 sequences
[M::worker_pipeline::2513.498*19.23] mapped 247525 sequences
[M::worker_pipeline::2517.240*19.23] mapped 247525 sequences
[M::worker_pipeline::2520.419*19.23] mapped 247525 sequences
[M::worker_pipeline::2524.411*19.23] mapped 247525 sequences
[M::worker_pipeline::2527.314*19.23] mapped 247525 sequences
[M::worker_pipeline::2531.116*19.23] mapped 247525 sequences
[M::worker_pipeline::2534.484*19.23] mapped 247525 sequences
[M::worker_pipeline::2538.186*19.23] mapped 247525 sequences
[M::worker_pipeline::2541.630*19.23] mapped 247525 sequences
[M::worker_pipeline::2545.192*19.23] mapped 247525 sequences
[M::worker_pipeline::2548.944*19.23] mapped 247525 sequences
[M::worker_pipeline::2552.065*19.23] mapped 247525 sequences
[M::worker_pipeline::2555.398*19.23] mapped 247525 sequences
[M::worker_pipeline::2558.764*19.23] mapped 247525 sequences
[M::worker_pipeline::2562.743*19.23] mapped 247525 sequences
[M::worker_pipeline::2565.734*19.23] mapped 247525 sequences
[M::worker_pipeline::2569.106*19.23] mapped 247525 sequences
[M::worker_pipeline::2572.968*19.23] mapped 247525 sequences
[M::worker_pipeline::2576.016*19.23] mapped 247525 sequences
[M::worker_pipeline::2579.508*19.23] mapped 247525 sequences
[M::worker_pipeline::2583.154*19.23] mapped 247525 sequences
[M::worker_pipeline::2586.420*19.23] mapped 247525 sequences
[M::worker_pipeline::2589.662*19.23] mapped 247525 sequences
[M::worker_pipeline::2593.173*19.23] mapped 247525 sequences
[M::worker_pipeline::2596.566*19.23] mapped 247525 sequences
[M::worker_pipeline::2599.636*19.23] mapped 247525 sequences
[M::worker_pipeline::2602.990*19.23] mapped 247525 sequences
[M::worker_pipeline::2606.682*19.23] mapped 247525 sequences
[M::worker_pipeline::2610.545*19.23] mapped 247525 sequences
[M::worker_pipeline::2613.575*19.23] mapped 247525 sequences
[M::worker_pipeline::2617.161*19.23] mapped 247525 sequences
[M::worker_pipeline::2620.752*19.23] mapped 247525 sequences
[M::worker_pipeline::2624.817*19.24] mapped 247525 sequences
[M::worker_pipeline::2627.443*19.23] mapped 247525 sequences
[M::worker_pipeline::2631.276*19.23] mapped 247525 sequences
[M::worker_pipeline::2634.847*19.24] mapped 247525 sequences
[M::worker_pipeline::2638.084*19.24] mapped 247525 sequences
[M::worker_pipeline::2641.906*19.24] mapped 247525 sequences
[M::worker_pipeline::2644.751*19.24] mapped 247525 sequences
[M::worker_pipeline::2648.115*19.24] mapped 247525 sequences
[M::worker_pipeline::2651.850*19.24] mapped 247525 sequences
[M::worker_pipeline::2655.197*19.24] mapped 247525 sequences
[M::worker_pipeline::2658.000*19.24] mapped 247525 sequences
[M::worker_pipeline::2661.424*19.24] mapped 247525 sequences
[M::worker_pipeline::2665.198*19.24] mapped 247525 sequences
[M::worker_pipeline::2668.470*19.24] mapped 247525 sequences
[M::worker_pipeline::2671.619*19.24] mapped 247525 sequences
[M::worker_pipeline::2675.076*19.24] mapped 247525 sequences
[M::worker_pipeline::2678.147*19.24] mapped 247525 sequences
[M::worker_pipeline::2681.135*19.24] mapped 247525 sequences
[M::worker_pipeline::2684.766*19.24] mapped 247525 sequences
[M::worker_pipeline::2687.303*19.24] mapped 247525 sequences
[M::worker_pipeline::2690.534*19.24] mapped 247525 sequences
[M::worker_pipeline::2693.687*19.24] mapped 247525 sequences
[M::worker_pipeline::2696.846*19.24] mapped 247525 sequences
[M::worker_pipeline::2700.816*19.24] mapped 247525 sequences
[M::worker_pipeline::2703.364*19.24] mapped 247525 sequences
[M::worker_pipeline::2707.044*19.24] mapped 247525 sequences
[M::worker_pipeline::2710.197*19.24] mapped 247525 sequences
[M::worker_pipeline::2712.994*19.24] mapped 247525 sequences
[M::worker_pipeline::2716.362*19.24] mapped 247525 sequences
[M::worker_pipeline::2719.360*19.24] mapped 247525 sequences
[M::worker_pipeline::2722.806*19.24] mapped 247525 sequences
[M::worker_pipeline::2725.745*19.24] mapped 247525 sequences
[M::worker_pipeline::2729.603*19.24] mapped 247525 sequences
[M::worker_pipeline::2732.420*19.24] mapped 247525 sequences
[M::worker_pipeline::2735.333*19.24] mapped 247525 sequences
[M::worker_pipeline::2738.990*19.24] mapped 247525 sequences
[M::worker_pipeline::2741.702*19.24] mapped 247525 sequences
[M::worker_pipeline::2745.083*19.24] mapped 247525 sequences
[M::worker_pipeline::2748.149*19.24] mapped 247525 sequences
[M::worker_pipeline::2751.525*19.24] mapped 247525 sequences
[M::worker_pipeline::2755.087*19.24] mapped 247525 sequences
[M::worker_pipeline::2757.995*19.24] mapped 247525 sequences
[M::worker_pipeline::2761.941*19.24] mapped 247525 sequences
[M::worker_pipeline::2764.495*19.24] mapped 247525 sequences
[M::worker_pipeline::2768.088*19.24] mapped 247525 sequences
[M::worker_pipeline::2771.097*19.24] mapped 247525 sequences
[M::worker_pipeline::2774.347*19.24] mapped 247525 sequences
[M::worker_pipeline::2778.254*19.24] mapped 247525 sequences
[M::worker_pipeline::2781.065*19.24] mapped 247525 sequences
[M::worker_pipeline::2784.551*19.24] mapped 247525 sequences
[M::worker_pipeline::2787.792*19.24] mapped 247525 sequences
[M::worker_pipeline::2791.075*19.24] mapped 247525 sequences
[M::worker_pipeline::2794.420*19.24] mapped 247525 sequences
[M::worker_pipeline::2797.843*19.24] mapped 247525 sequences
[M::worker_pipeline::2801.366*19.24] mapped 247525 sequences
[M::worker_pipeline::2804.215*19.24] mapped 247525 sequences
[M::worker_pipeline::2807.406*19.25] mapped 247525 sequences
[M::worker_pipeline::2810.123*19.25] mapped 247525 sequences
[M::worker_pipeline::2813.664*19.24] mapped 247525 sequences
[M::worker_pipeline::2816.500*19.25] mapped 247525 sequences
[M::worker_pipeline::2819.564*19.25] mapped 247525 sequences
[M::worker_pipeline::2822.717*19.25] mapped 247525 sequences
[M::worker_pipeline::2825.783*19.25] mapped 247525 sequences
[M::worker_pipeline::2829.054*19.25] mapped 247525 sequences
[M::worker_pipeline::2832.107*19.25] mapped 247525 sequences
[M::worker_pipeline::2835.861*19.25] mapped 247525 sequences
[M::worker_pipeline::2838.736*19.25] mapped 247525 sequences
[M::worker_pipeline::2841.835*19.25] mapped 247525 sequences
[M::worker_pipeline::2845.332*19.25] mapped 247525 sequences
[M::worker_pipeline::2848.613*19.25] mapped 247525 sequences
[M::worker_pipeline::2851.247*19.25] mapped 247525 sequences
[M::worker_pipeline::2854.814*19.25] mapped 247525 sequences
[M::worker_pipeline::2857.748*19.25] mapped 247525 sequences
[M::worker_pipeline::2861.289*19.25] mapped 247525 sequences
[M::worker_pipeline::2863.879*19.25] mapped 247525 sequences
[M::worker_pipeline::2868.045*19.25] mapped 247525 sequences
[M::worker_pipeline::2870.732*19.25] mapped 247525 sequences
[M::worker_pipeline::2874.056*19.25] mapped 247525 sequences
[M::worker_pipeline::2876.758*19.25] mapped 247525 sequences
[M::worker_pipeline::2879.994*19.25] mapped 247525 sequences
[M::worker_pipeline::2883.342*19.25] mapped 247525 sequences
[M::worker_pipeline::2886.745*19.25] mapped 247525 sequences
[M::worker_pipeline::2889.685*19.25] mapped 247525 sequences
[M::worker_pipeline::2893.757*19.25] mapped 247525 sequences
[M::worker_pipeline::2896.420*19.25] mapped 247525 sequences
[M::worker_pipeline::2899.808*19.25] mapped 247525 sequences
[M::worker_pipeline::2902.926*19.26] mapped 247525 sequences
[M::worker_pipeline::2906.201*19.26] mapped 247525 sequences
[M::worker_pipeline::2909.481*19.26] mapped 247525 sequences
[M::worker_pipeline::2912.837*19.26] mapped 247525 sequences
[M::worker_pipeline::2916.341*19.25] mapped 247525 sequences
[M::worker_pipeline::2919.901*19.26] mapped 247525 sequences
[M::worker_pipeline::2923.147*19.26] mapped 247525 sequences
[M::worker_pipeline::2926.268*19.25] mapped 247525 sequences
[M::worker_pipeline::2929.929*19.25] mapped 247525 sequences
[M::worker_pipeline::2933.066*19.26] mapped 247525 sequences
[M::worker_pipeline::2936.537*19.26] mapped 247525 sequences
[M::worker_pipeline::2939.568*19.26] mapped 247525 sequences
[M::worker_pipeline::2942.164*19.26] mapped 247525 sequences
[M::worker_pipeline::2945.347*19.26] mapped 247525 sequences
[M::worker_pipeline::2948.943*19.26] mapped 247525 sequences
[M::worker_pipeline::2951.787*19.26] mapped 247525 sequences
[M::worker_pipeline::2954.872*19.26] mapped 247525 sequences
[M::worker_pipeline::2957.914*19.26] mapped 247525 sequences
[M::worker_pipeline::2961.125*19.26] mapped 247525 sequences
[M::worker_pipeline::2965.279*19.26] mapped 247525 sequences
[M::worker_pipeline::2968.222*19.26] mapped 247525 sequences
[M::worker_pipeline::2971.088*19.26] mapped 247525 sequences
[M::worker_pipeline::2974.441*19.26] mapped 247525 sequences
[M::worker_pipeline::2977.345*19.26] mapped 247525 sequences
[M::worker_pipeline::2980.493*19.26] mapped 247525 sequences
[M::worker_pipeline::2983.741*19.26] mapped 247525 sequences
[M::worker_pipeline::2987.050*19.26] mapped 247525 sequences
[M::worker_pipeline::2990.336*19.26] mapped 247525 sequences
[M::worker_pipeline::2993.916*19.26] mapped 247525 sequences
[M::worker_pipeline::2996.811*19.26] mapped 247525 sequences
[M::worker_pipeline::3000.385*19.26] mapped 247525 sequences
[M::worker_pipeline::3003.791*19.26] mapped 247525 sequences
[M::worker_pipeline::3006.764*19.26] mapped 247525 sequences
[M::worker_pipeline::3010.079*19.26] mapped 247525 sequences
[M::worker_pipeline::3013.645*19.26] mapped 247525 sequences
[M::worker_pipeline::3016.844*19.26] mapped 247525 sequences
[M::worker_pipeline::3019.855*19.26] mapped 247525 sequences
[M::worker_pipeline::3023.215*19.26] mapped 247525 sequences
[M::worker_pipeline::3026.505*19.26] mapped 247525 sequences
[M::worker_pipeline::3029.346*19.26] mapped 247525 sequences
[M::worker_pipeline::3032.816*19.26] mapped 247525 sequences
[M::worker_pipeline::3036.040*19.26] mapped 247525 sequences
[M::worker_pipeline::3039.589*19.26] mapped 247525 sequences
[M::worker_pipeline::3043.068*19.26] mapped 247525 sequences
[M::worker_pipeline::3046.052*19.26] mapped 247525 sequences
[M::worker_pipeline::3049.454*19.26] mapped 247525 sequences
[M::worker_pipeline::3052.701*19.26] mapped 247525 sequences
[M::worker_pipeline::3056.017*19.26] mapped 247525 sequences
[M::worker_pipeline::3059.457*19.26] mapped 247525 sequences
[M::worker_pipeline::3062.389*19.27] mapped 247525 sequences
[M::worker_pipeline::3065.935*19.27] mapped 247525 sequences
[M::worker_pipeline::3068.557*19.27] mapped 247525 sequences
[M::worker_pipeline::3072.000*19.27] mapped 247525 sequences
[M::worker_pipeline::3074.896*19.27] mapped 247525 sequences
[M::worker_pipeline::3078.632*19.27] mapped 247525 sequences
[M::worker_pipeline::3081.683*19.27] mapped 247525 sequences
[M::worker_pipeline::3085.077*19.27] mapped 247525 sequences
[M::worker_pipeline::3088.442*19.27] mapped 247525 sequences
[M::worker_pipeline::3091.135*19.27] mapped 247525 sequences
[M::worker_pipeline::3094.493*19.27] mapped 247525 sequences
[M::worker_pipeline::3098.213*19.27] mapped 247525 sequences
[M::worker_pipeline::3100.739*19.27] mapped 247525 sequences
[M::worker_pipeline::3104.291*19.27] mapped 247525 sequences
[M::worker_pipeline::3107.638*19.27] mapped 247525 sequences
[M::worker_pipeline::3110.904*19.27] mapped 247525 sequences
[M::worker_pipeline::3113.891*19.27] mapped 247525 sequences
[M::worker_pipeline::3117.756*19.27] mapped 247525 sequences
[M::worker_pipeline::3120.671*19.27] mapped 247525 sequences
[M::worker_pipeline::3123.925*19.27] mapped 247525 sequences
[M::worker_pipeline::3127.076*19.27] mapped 247525 sequences
[M::worker_pipeline::3130.968*19.27] mapped 247525 sequences
[M::worker_pipeline::3134.340*19.27] mapped 247525 sequences
[M::worker_pipeline::3137.478*19.27] mapped 247525 sequences
[M::worker_pipeline::3140.398*19.27] mapped 247525 sequences
[M::worker_pipeline::3143.726*19.27] mapped 247525 sequences
[M::worker_pipeline::3147.087*19.27] mapped 247525 sequences
[M::worker_pipeline::3150.733*19.27] mapped 247525 sequences
[M::worker_pipeline::3154.031*19.27] mapped 247525 sequences
[M::worker_pipeline::3157.237*19.27] mapped 247525 sequences
[M::worker_pipeline::3160.693*19.27] mapped 247525 sequences
[M::worker_pipeline::3164.528*19.27] mapped 247525 sequences
[M::worker_pipeline::3168.049*19.27] mapped 247525 sequences
[M::worker_pipeline::3170.741*19.27] mapped 247525 sequences
[M::worker_pipeline::3173.528*19.27] mapped 247525 sequences
[M::worker_pipeline::3176.970*19.27] mapped 247525 sequences
[M::worker_pipeline::3180.415*19.27] mapped 247525 sequences
[M::worker_pipeline::3183.311*19.27] mapped 247525 sequences
[M::worker_pipeline::3187.067*19.27] mapped 247525 sequences
[M::worker_pipeline::3189.731*19.27] mapped 247525 sequences
[M::worker_pipeline::3193.319*19.27] mapped 247525 sequences
[M::worker_pipeline::3196.702*19.27] mapped 247525 sequences
[M::worker_pipeline::3199.555*19.27] mapped 247525 sequences
[M::worker_pipeline::3203.473*19.27] mapped 247525 sequences
[M::worker_pipeline::3206.214*19.27] mapped 247525 sequences
[M::worker_pipeline::3209.358*19.27] mapped 247525 sequences
[M::worker_pipeline::3213.194*19.27] mapped 247525 sequences
[M::worker_pipeline::3216.258*19.27] mapped 247525 sequences
[M::worker_pipeline::3219.221*19.27] mapped 247525 sequences
[M::worker_pipeline::3222.921*19.27] mapped 247525 sequences
[M::worker_pipeline::3226.450*19.27] mapped 247525 sequences
[M::worker_pipeline::3229.075*19.27] mapped 247525 sequences
[M::worker_pipeline::3232.310*19.27] mapped 247525 sequences
[M::worker_pipeline::3235.898*19.27] mapped 247525 sequences
[M::worker_pipeline::3239.033*19.27] mapped 247525 sequences
[M::worker_pipeline::3242.705*19.27] mapped 247525 sequences
[M::worker_pipeline::3245.954*19.27] mapped 247525 sequences
[M::worker_pipeline::3249.155*19.27] mapped 247525 sequences
[M::worker_pipeline::3252.657*19.28] mapped 247525 sequences
[M::worker_pipeline::3255.983*19.28] mapped 247525 sequences
[M::worker_pipeline::3259.172*19.28] mapped 247525 sequences
[M::worker_pipeline::3262.927*19.28] mapped 247525 sequences
[M::worker_pipeline::3265.534*19.28] mapped 247525 sequences
[M::worker_pipeline::3268.901*19.28] mapped 247525 sequences
[M::worker_pipeline::3271.675*19.28] mapped 247525 sequences
[M::worker_pipeline::3275.243*19.28] mapped 247525 sequences
[M::worker_pipeline::3278.741*19.28] mapped 247525 sequences
[M::worker_pipeline::3281.540*19.28] mapped 247525 sequences
[M::worker_pipeline::3284.612*19.28] mapped 247525 sequences
[M::worker_pipeline::3288.230*19.28] mapped 247525 sequences
[M::worker_pipeline::3291.476*19.28] mapped 247525 sequences
[M::worker_pipeline::3294.764*19.28] mapped 247525 sequences
[M::worker_pipeline::3298.030*19.28] mapped 247525 sequences
[M::worker_pipeline::3300.973*19.28] mapped 247525 sequences
[M::worker_pipeline::3303.985*19.28] mapped 247525 sequences
[M::worker_pipeline::3307.441*19.28] mapped 247525 sequences
[M::worker_pipeline::3311.074*19.28] mapped 247525 sequences
[M::worker_pipeline::3313.967*19.28] mapped 247525 sequences
[M::worker_pipeline::3317.112*19.28] mapped 247525 sequences
[M::worker_pipeline::3320.657*19.28] mapped 247525 sequences
[M::worker_pipeline::3324.003*19.28] mapped 247525 sequences
[M::worker_pipeline::3327.097*19.28] mapped 247525 sequences
[M::worker_pipeline::3330.224*19.28] mapped 247525 sequences
[M::worker_pipeline::3333.399*19.28] mapped 247525 sequences
[M::worker_pipeline::3337.009*19.28] mapped 247525 sequences
[M::worker_pipeline::3340.475*19.28] mapped 247525 sequences
[M::worker_pipeline::3343.786*19.28] mapped 247525 sequences
[M::worker_pipeline::3347.009*19.28] mapped 247525 sequences
[M::worker_pipeline::3350.111*19.28] mapped 247525 sequences
[M::worker_pipeline::3353.707*19.28] mapped 247525 sequences
[M::worker_pipeline::3357.137*19.28] mapped 247525 sequences
[M::worker_pipeline::3360.430*19.28] mapped 247525 sequences
[M::worker_pipeline::3363.739*19.28] mapped 247525 sequences
[M::worker_pipeline::3367.186*19.28] mapped 247525 sequences
[M::worker_pipeline::3370.417*19.28] mapped 247525 sequences
[M::worker_pipeline::3373.572*19.28] mapped 247525 sequences
[M::worker_pipeline::3376.180*19.28] mapped 247525 sequences
[M::worker_pipeline::3379.373*19.28] mapped 247525 sequences
[M::worker_pipeline::3382.944*19.28] mapped 247525 sequences
[M::worker_pipeline::3386.057*19.28] mapped 247525 sequences
[M::worker_pipeline::3388.839*19.28] mapped 247525 sequences
[M::worker_pipeline::3392.281*19.28] mapped 247525 sequences
[M::worker_pipeline::3395.336*19.28] mapped 247525 sequences
[M::worker_pipeline::3398.188*19.28] mapped 247525 sequences
[M::worker_pipeline::3401.344*19.29] mapped 247525 sequences
[M::worker_pipeline::3404.378*19.29] mapped 247525 sequences
[M::worker_pipeline::3408.156*19.28] mapped 247525 sequences
[M::worker_pipeline::3411.351*19.29] mapped 247525 sequences
[M::worker_pipeline::3414.143*19.29] mapped 247525 sequences
[M::worker_pipeline::3417.934*19.29] mapped 247525 sequences
[M::worker_pipeline::3420.556*19.29] mapped 247525 sequences
[M::worker_pipeline::3423.796*19.29] mapped 247525 sequences
[M::worker_pipeline::3427.041*19.29] mapped 247525 sequences
[M::worker_pipeline::3430.343*19.29] mapped 247525 sequences
[M::worker_pipeline::3434.093*19.29] mapped 247525 sequences
[M::worker_pipeline::3436.970*19.29] mapped 247525 sequences
[M::worker_pipeline::3440.252*19.29] mapped 247525 sequences
[M::worker_pipeline::3443.998*19.29] mapped 247525 sequences
[M::worker_pipeline::3446.989*19.29] mapped 247525 sequences
[M::worker_pipeline::3450.188*19.29] mapped 247525 sequences
[M::worker_pipeline::3454.052*19.29] mapped 247525 sequences
[M::worker_pipeline::3457.354*19.29] mapped 247525 sequences
[M::worker_pipeline::3460.425*19.29] mapped 247525 sequences
[M::worker_pipeline::3464.061*19.29] mapped 247525 sequences
[M::worker_pipeline::3466.655*19.29] mapped 247525 sequences
[M::worker_pipeline::3470.244*19.29] mapped 247525 sequences
[M::worker_pipeline::3473.405*19.29] mapped 247525 sequences
[M::worker_pipeline::3476.580*19.29] mapped 247525 sequences
[M::worker_pipeline::3480.402*19.29] mapped 247525 sequences
[M::worker_pipeline::3483.899*19.29] mapped 247525 sequences
[M::worker_pipeline::3486.541*19.29] mapped 247525 sequences
[M::worker_pipeline::3490.618*19.29] mapped 247525 sequences
[M::worker_pipeline::3493.415*19.29] mapped 247525 sequences
[M::worker_pipeline::3496.993*19.29] mapped 247525 sequences
[M::worker_pipeline::3499.946*19.29] mapped 247525 sequences
[M::worker_pipeline::3503.017*19.29] mapped 247525 sequences
[M::worker_pipeline::3506.496*19.29] mapped 247525 sequences
[M::worker_pipeline::3509.119*19.29] mapped 247525 sequences
[M::worker_pipeline::3512.386*19.29] mapped 247525 sequences
[M::worker_pipeline::3515.818*19.29] mapped 247525 sequences
[M::worker_pipeline::3518.649*19.29] mapped 247525 sequences
[M::worker_pipeline::3521.552*19.29] mapped 247525 sequences
[M::worker_pipeline::3524.775*19.29] mapped 247525 sequences
[M::worker_pipeline::3527.987*19.29] mapped 247525 sequences
[M::worker_pipeline::3531.764*19.29] mapped 247525 sequences
[M::worker_pipeline::3534.473*19.29] mapped 247525 sequences
[M::worker_pipeline::3537.790*19.29] mapped 247525 sequences
[M::worker_pipeline::3540.743*19.29] mapped 247525 sequences
[M::worker_pipeline::3544.131*19.29] mapped 247525 sequences
[M::worker_pipeline::3547.411*19.29] mapped 247525 sequences
[M::worker_pipeline::3550.846*19.29] mapped 247525 sequences
[M::worker_pipeline::3554.405*19.29] mapped 247525 sequences
[M::worker_pipeline::3557.893*19.29] mapped 247525 sequences
[M::worker_pipeline::3560.961*19.29] mapped 247525 sequences
[M::worker_pipeline::3563.560*19.29] mapped 247525 sequences
[M::worker_pipeline::3566.980*19.29] mapped 247525 sequences
[M::worker_pipeline::3569.950*19.29] mapped 247525 sequences
[M::worker_pipeline::3573.463*19.29] mapped 247525 sequences
[M::worker_pipeline::3577.194*19.29] mapped 247525 sequences
[M::worker_pipeline::3580.137*19.29] mapped 247525 sequences
[M::worker_pipeline::3582.997*19.29] mapped 247525 sequences
[M::worker_pipeline::3586.396*19.29] mapped 247525 sequences
[M::worker_pipeline::3590.038*19.29] mapped 247525 sequences
[M::worker_pipeline::3592.990*19.29] mapped 247525 sequences
[M::worker_pipeline::3596.549*19.29] mapped 247525 sequences
[M::worker_pipeline::3599.786*19.29] mapped 247525 sequences
[M::worker_pipeline::3603.103*19.29] mapped 247525 sequences
[M::worker_pipeline::3606.540*19.29] mapped 247525 sequences
[M::worker_pipeline::3609.488*19.29] mapped 247525 sequences
[M::worker_pipeline::3613.006*19.29] mapped 247525 sequences
[M::worker_pipeline::3616.436*19.29] mapped 247525 sequences
[M::worker_pipeline::3619.808*19.29] mapped 247525 sequences
[M::worker_pipeline::3623.158*19.29] mapped 247525 sequences
[M::worker_pipeline::3626.513*19.29] mapped 247525 sequences
[M::worker_pipeline::3629.490*19.29] mapped 247525 sequences
[M::worker_pipeline::3633.369*19.29] mapped 247525 sequences
[M::worker_pipeline::3635.888*19.29] mapped 247525 sequences
[M::worker_pipeline::3638.863*19.29] mapped 247525 sequences
[M::worker_pipeline::3641.923*19.29] mapped 247525 sequences
[M::worker_pipeline::3645.014*19.29] mapped 247525 sequences
[M::worker_pipeline::3648.042*19.29] mapped 247525 sequences
[M::worker_pipeline::3651.554*19.29] mapped 247525 sequences
[M::worker_pipeline::3654.458*19.29] mapped 247525 sequences
[M::worker_pipeline::3658.284*19.30] mapped 247525 sequences
[M::worker_pipeline::3661.288*19.30] mapped 247525 sequences
[M::worker_pipeline::3664.146*19.30] mapped 247525 sequences
[M::worker_pipeline::3667.373*19.30] mapped 247525 sequences
[M::worker_pipeline::3671.390*19.30] mapped 247525 sequences
[M::worker_pipeline::3673.966*19.30] mapped 247525 sequences
[M::worker_pipeline::3676.979*19.30] mapped 247525 sequences
[M::worker_pipeline::3680.353*19.30] mapped 247525 sequences
[M::worker_pipeline::3683.413*19.30] mapped 247525 sequences
[M::worker_pipeline::3687.354*19.30] mapped 247525 sequences
[M::worker_pipeline::3690.620*19.30] mapped 247525 sequences
[M::worker_pipeline::3693.352*19.30] mapped 247525 sequences
[M::worker_pipeline::3697.475*19.30] mapped 247525 sequences
[M::worker_pipeline::3700.237*19.30] mapped 247525 sequences
[M::worker_pipeline::3703.316*19.30] mapped 247525 sequences
[M::worker_pipeline::3706.543*19.30] mapped 247525 sequences
[M::worker_pipeline::3709.955*19.30] mapped 247525 sequences
[M::worker_pipeline::3712.928*19.30] mapped 247525 sequences
[M::worker_pipeline::3716.617*19.30] mapped 247525 sequences
[M::worker_pipeline::3719.834*19.30] mapped 247525 sequences
[M::worker_pipeline::3722.541*19.30] mapped 247525 sequences
[M::worker_pipeline::3725.988*19.30] mapped 247525 sequences
[M::worker_pipeline::3729.590*19.30] mapped 247525 sequences
[M::worker_pipeline::3733.004*19.30] mapped 247525 sequences
[M::worker_pipeline::3735.755*19.30] mapped 247525 sequences
[M::worker_pipeline::3739.019*19.30] mapped 247525 sequences
[M::worker_pipeline::3742.891*19.30] mapped 247525 sequences
[M::worker_pipeline::3745.749*19.30] mapped 247525 sequences
[M::worker_pipeline::3749.779*19.30] mapped 247525 sequences
[M::worker_pipeline::3752.836*19.30] mapped 247525 sequences
[M::worker_pipeline::3756.088*19.30] mapped 207631 sequences
[M::worker_pipeline::3760.219*19.30] mapped 81440 sequences
[M::worker_pipeline::3763.863*19.30] mapped 81453 sequences
[M::worker_pipeline::3767.496*19.30] mapped 81453 sequences
[M::worker_pipeline::3771.505*19.30] mapped 81456 sequences
[M::worker_pipeline::3775.869*19.30] mapped 81409 sequences
[M::worker_pipeline::3779.432*19.30] mapped 81473 sequences
[M::worker_pipeline::3783.208*19.30] mapped 81483 sequences
[M::worker_pipeline::3787.348*19.30] mapped 81489 sequences
[M::worker_pipeline::3791.249*19.30] mapped 81483 sequences
[M::worker_pipeline::3795.603*19.30] mapped 81442 sequences
[M::worker_pipeline::3799.077*19.30] mapped 81487 sequences
[M::worker_pipeline::3802.634*19.30] mapped 81480 sequences
[M::worker_pipeline::3820.923*19.30] mapped 20379 sequences
[M::worker_pipeline::3842.014*19.30] mapped 5423 sequences
[M::worker_pipeline::3862.569*19.31] mapped 5417 sequences
[M::worker_pipeline::3883.844*19.31] mapped 5436 sequences
[M::worker_pipeline::3906.952*19.30] mapped 5291 sequences
[M::worker_pipeline::3928.018*19.30] mapped 5324 sequences
[M::worker_pipeline::3948.337*19.30] mapped 5395 sequences
[M::worker_pipeline::3970.660*19.31] mapped 4532 sequences
[M::worker_pipeline::3993.374*19.31] mapped 4280 sequences
[M::worker_pipeline::4016.544*19.31] mapped 4251 sequences
[M::worker_pipeline::4038.518*19.31] mapped 4217 sequences
[M::worker_pipeline::4061.035*19.31] mapped 4199 sequences
[M::worker_pipeline::4083.134*19.31] mapped 4210 sequences
[M::worker_pipeline::4105.696*19.32] mapped 4210 sequences
[M::worker_pipeline::4128.174*19.32] mapped 4295 sequences
[M::worker_pipeline::4149.757*19.32] mapped 4266 sequences
[M::worker_pipeline::4172.402*19.32] mapped 4207 sequences
[M::worker_pipeline::4194.594*19.33] mapped 4246 sequences
[M::worker_pipeline::4217.185*19.33] mapped 4229 sequences
[M::worker_pipeline::4239.823*19.33] mapped 4213 sequences
[M::worker_pipeline::4261.890*19.33] mapped 4219 sequences
[M::worker_pipeline::4284.931*19.33] mapped 4274 sequences
[M::worker_pipeline::4307.844*19.34] mapped 4208 sequences
[M::worker_pipeline::4330.729*19.34] mapped 4240 sequences
[M::worker_pipeline::4353.063*19.34] mapped 4260 sequences
[M::worker_pipeline::4375.581*19.34] mapped 4263 sequences
[M::worker_pipeline::4398.305*19.34] mapped 4344 sequences
[M::worker_pipeline::4419.751*19.34] mapped 4248 sequences
[M::worker_pipeline::4442.330*19.35] mapped 4199 sequences
[M::worker_pipeline::4464.357*19.35] mapped 4203 sequences
[M::worker_pipeline::4487.537*19.35] mapped 4221 sequences
[M::worker_pipeline::4511.403*19.34] mapped 4255 sequences
[M::worker_pipeline::4533.960*19.35] mapped 4183 sequences
[M::worker_pipeline::4556.576*19.35] mapped 4284 sequences
[M::worker_pipeline::4578.476*19.35] mapped 4235 sequences
[M::worker_pipeline::4602.117*19.35] mapped 4252 sequences
[M::worker_pipeline::4624.062*19.35] mapped 4315 sequences
[M::worker_pipeline::4646.190*19.35] mapped 4311 sequences
[M::worker_pipeline::4661.853*19.35] mapped 126254 sequences
[M::worker_pipeline::4662.826*19.35] mapped 346392 sequences
[M::worker_pipeline::4663.821*19.35] mapped 346399 sequences
[M::worker_pipeline::4664.794*19.35] mapped 346418 sequences
[M::worker_pipeline::4665.834*19.35] mapped 346372 sequences
[M::worker_pipeline::4667.134*19.35] mapped 346330 sequences
[M::worker_pipeline::4668.143*19.35] mapped 346399 sequences
[M::worker_pipeline::4669.475*19.35] mapped 346230 sequences
[M::worker_pipeline::4670.369*19.35] mapped 345926 sequences
[M::worker_pipeline::4671.572*19.35] mapped 345921 sequences
[M::worker_pipeline::4672.824*19.35] mapped 345821 sequences
[M::worker_pipeline::4673.905*19.35] mapped 345859 sequences
[M::worker_pipeline::4674.768*19.35] mapped 345810 sequences
[M::worker_pipeline::4675.961*19.35] mapped 345613 sequences
[M::worker_pipeline::4677.409*19.35] mapped 345563 sequences
[M::worker_pipeline::4679.843*19.34] mapped 343771 sequences
[M::worker_pipeline::4680.969*19.34] mapped 332962 sequences
[M::worker_pipeline::4684.388*19.34] mapped 332942 sequences
[M::worker_pipeline::4687.542*19.34] mapped 332965 sequences
[M::worker_pipeline::4689.854*19.34] mapped 332986 sequences
[M::worker_pipeline::4692.718*19.34] mapped 333007 sequences
[M::worker_pipeline::4696.655*19.34] mapped 332959 sequences
[M::worker_pipeline::4699.369*19.34] mapped 332973 sequences
[M::worker_pipeline::4702.139*19.34] mapped 332961 sequences
[M::worker_pipeline::4704.937*19.34] mapped 332912 sequences
[M::worker_pipeline::4707.917*19.34] mapped 332930 sequences
[M::worker_pipeline::4711.275*19.34] mapped 332932 sequences
[M::worker_pipeline::4714.335*19.34] mapped 332923 sequences
[M::worker_pipeline::4717.226*19.34] mapped 332946 sequences
[M::worker_pipeline::4720.475*19.34] mapped 332929 sequences
[M::worker_pipeline::4722.730*19.34] mapped 332943 sequences
[M::worker_pipeline::4725.764*19.34] mapped 305854 sequences
[M::worker_pipeline::4729.528*19.34] mapped 166139 sequences
[M::worker_pipeline::4733.284*19.34] mapped 166131 sequences
[M::worker_pipeline::4737.057*19.34] mapped 166131 sequences
[M::worker_pipeline::4740.409*19.34] mapped 166123 sequences
[M::worker_pipeline::4744.717*19.34] mapped 166126 sequences
[M::worker_pipeline::4748.035*19.34] mapped 166153 sequences
[M::worker_pipeline::4751.650*19.34] mapped 166158 sequences
[M::worker_pipeline::4756.091*19.34] mapped 166164 sequences
[M::worker_pipeline::4759.284*19.34] mapped 166165 sequences
[M::worker_pipeline::4763.414*19.34] mapped 166162 sequences
[M::worker_pipeline::4767.318*19.34] mapped 166151 sequences
[M::worker_pipeline::4771.300*19.34] mapped 166156 sequences
[M::worker_pipeline::4774.905*19.34] mapped 166158 sequences
[M::worker_pipeline::4777.705*19.34] mapped 126258 sequences
[M::main] Version: 2.10-r761
[M::main] CMD: /work/raechill/minimap2-2.10_x64-linux/minimap2 -ax sr -t 20 data/Hybrid_assembly.fasta data/big_fastq
[M::main] Real time: 4777.771 sec; CPU: 92407.358 sec
------------------------------------------------------
Running PBS epilogue script    - 08-May-2018 19:30:35
------------------------------------------------------
Checking node qb030 (MS)
Checking node qb030 ok
------------------------------------------------------
Concluding PBS epilogue script - 08-May-2018 19:30:37
------------------------------------------------------
Exit Status:     0
Job ID:          489975.qb3
Username:        raechill
Group:           loniusers
Job Name:        mini_map
Session Id:      108830
Resource Limits: ncpus=1,neednodes=1:ppn=20,nodes=1:ppn=20,walltime=06:00:00
Resources Used:  cput=25:40:07,mem=11977336kb,vmem=13248912kb,walltime=01:19:39
Queue Used:      workq
Account String:  loni_selu_gt
Node:            qb030
Process id:      4752
------------------------------------------------------
